<?xml version="1.0" encoding="UTF-8"?>
<testng-results skipped="0" failed="0" ignored="0" total="1" passed="1">
  <reporter-output>
  </reporter-output>
  <suite name="Default suite" duration-ms="49629" started-at="2019-06-18T09:52:41Z" finished-at="2019-06-18T09:53:30Z">
    <groups>
    </groups>
    <test name="Default test" duration-ms="49629" started-at="2019-06-18T09:52:41Z" finished-at="2019-06-18T09:53:30Z">
      <class name="youtubespecial.GetRowsColWebTable">
        <test-method status="PASS" signature="test1()[pri:0, instance:youtubespecial.GetRowsColWebTable@6f7fd0e6]" name="test1" duration-ms="49590" started-at="2019-06-18T15:22:41Z" finished-at="2019-06-18T15:23:30Z">
          <reporter-output>
          </reporter-output>
        </test-method> <!-- test1 -->
      </class> <!-- youtubespecial.GetRowsColWebTable -->
    </test> <!-- Default test -->
  </suite> <!-- Default suite -->
</testng-results>
